<?xml version="1.0" encoding="UTF-8"?>
<testsuite name="DollarTest" tests="5" skipped="0" failures="0" errors="0" timestamp="2022-09-27T12:21:23" hostname="johyeongeun-ui-MacBookAir.local" time="0.038">
  <properties/>
  <testcase name="testMultiplication()" classname="DollarTest" time="0.034"/>
  <testcase name="testDifferentClassEquality()" classname="DollarTest" time="0.0"/>
  <testcase name="testFrancMultiplication()" classname="DollarTest" time="0.001"/>
  <testcase name="testCurrency()" classname="DollarTest" time="0.002"/>
  <testcase name="testEquality()" classname="DollarTest" time="0.001"/>
  <system-out><![CDATA[]]></system-out>
  <system-err><![CDATA[]]></system-err>
</testsuite>
